#
# A fatal error has been detected by the Java Runtime Environment:
#
#  EXCEPTION_UNCAUGHT_CXX_EXCEPTION (0xe06d7363) at pc=0x00007ffea6409e08, pid=7816, tid=5372
#
# JRE version: 6.0_31-b05
# Java VM: Java HotSpot(TM) 64-Bit Server VM (20.6-b01 mixed mode windows-amd64 compressed oops)
# Problematic frame:
# C  [KERNELBASE.dll+0x69e08]
#
# If you would like to submit a bug report, please visit:
#   http://java.sun.com/webapps/bugreport/crash.jsp
# The crash happened outside the Java Virtual Machine in native code.
# See problematic frame for where to report the bug.
#

---------------  T H R E A D  ---------------

Current thread (0x0000000008df5800):  JavaThread "AWT-EventQueue-0" [_thread_in_native, id=5372, stack(0x0000000010750000,0x0000000010850000)]

siginfo: ExceptionCode=0xe06d7363, ExceptionInformation=0x0000000019930520 0x0000000010848d80 0x000000006c46a448 0x000000006c400000 

Registers:
RAX=0x0000000000000000, RBX=0x0000000010848d80, RCX=0x0000000000000000, RDX=0x0000000000000000
RSP=0x0000000010848c10, RBP=0x0000000010848d50, RSI=0x000000001ce285d8, RDI=0x000000006c46a448
R8 =0x0000000000000000, R9 =0x0000000000000001, R10=0x0000000010848700, R11=0x0000000010848810
R12=0x00007ffe81c955d8, R13=0x00007ffe81c90ac0, R14=0x0000000000000000, R15=0x0000000008df5800
RIP=0x00007ffea6409e08, EFLAGS=0x0000000000000206

Top of Stack: (sp=0x0000000010848c10)
0x0000000010848c10:   0000000000000000 0000000010848d80
0x0000000010848c20:   000000001ce285d8 000000006c46a448
0x0000000010848c30:   00000001e06d7363 0000000000000000
0x0000000010848c40:   00007ffea6409e08 0000000000000004
0x0000000010848c50:   0000000019930520 0000000010848d80
0x0000000010848c60:   000000006c46a448 000000006c400000
0x0000000010848c70:   0000000000000000 00007ffe81c955d8
0x0000000010848c80:   000000006c46a448 000000001ce285d8
0x0000000010848c90:   0000000010848d50 00007ffea998ba13
0x0000000010848ca0:   0000000010848d60 00007ffe00000000
0x0000000010848cb0:   0000000000000018 0000000000000017
0x0000000010848cc0:   000000006c491000 000000006c400000
0x0000000010848cd0:   00003e3618b96008 0000000000000018
0x0000000010848ce0:   0000000010848d80 000000006c3814f1
0x0000000010848cf0:   00007ffe8960fc60 000000006c37efe6
0x0000000010848d00:   00007ffe8960fc60 0000000000000017 

Instructions: (pc=0x00007ffea6409e08)
0x00007ffea6409de8:   49 8b d1 44 0f 47 c0 44 89 44 24 38 49 c1 e0 03
0x00007ffea6409df8:   e8 1b db 01 00 48 8d 4c 24 20 ff 15 d0 c7 0f 00
0x00007ffea6409e08:   48 8b 8c 24 c0 00 00 00 48 33 cc e8 78 b0 01 00
0x00007ffea6409e18:   48 81 c4 d8 00 00 00 c3 83 64 24 38 00 eb d6 cc 


Register to memory mapping:

RAX=0x0000000000000000 is an unknown value
RBX=0x0000000010848d80 is pointing into the stack for thread: 0x0000000008df5800
RCX=0x0000000000000000 is an unknown value
RDX=0x0000000000000000 is an unknown value
RSP=0x0000000010848c10 is pointing into the stack for thread: 0x0000000008df5800
RBP=0x0000000010848d50 is pointing into the stack for thread: 0x0000000008df5800
RSI=0x000000001ce285d8 is an unknown value
RDI=0x000000006c46a448 is an unknown value
R8 =0x0000000000000000 is an unknown value
R9 =0x0000000000000001 is an unknown value
R10=0x0000000010848700 is pointing into the stack for thread: 0x0000000008df5800
R11=0x0000000010848810 is pointing into the stack for thread: 0x0000000008df5800
R12=0x00007ffe81c955d8 is an unknown value
R13=0x00007ffe81c90ac0 is an unknown value
R14=0x0000000000000000 is an unknown value
R15=0x0000000008df5800 is a thread


Stack: [0x0000000010750000,0x0000000010850000],  sp=0x0000000010848c10,  free space=995k
Native frames: (J=compiled Java code, j=interpreted, Vv=VM code, C=native code)
C  [KERNELBASE.dll+0x69e08]  RaiseException+0x68

Java frames: (J=compiled Java code, j=interpreted, Vv=VM code)
j  mmcorej.MMCoreJJNI.CMMCore_initializeDevice(JLmmcorej/CMMCore;Ljava/lang/String;)V+0
j  mmcorej.CMMCore.initializeDevice(Ljava/lang/String;)V+6
j  org.micromanager.conf2.DeviceSetupDlg.initializeDevice()Z+150
j  org.micromanager.conf2.DeviceSetupDlg.onOK()V+298
j  org.micromanager.conf2.DeviceSetupDlg$1.actionPerformed(Ljava/awt/event/ActionEvent;)V+4
j  javax.swing.AbstractButton.fireActionPerformed(Ljava/awt/event/ActionEvent;)V+84
j  javax.swing.AbstractButton$Handler.actionPerformed(Ljava/awt/event/ActionEvent;)V+5
j  javax.swing.DefaultButtonModel.fireActionPerformed(Ljava/awt/event/ActionEvent;)V+35
j  javax.swing.DefaultButtonModel.setPressed(Z)V+117
j  javax.swing.plaf.basic.BasicButtonListener.mouseReleased(Ljava/awt/event/MouseEvent;)V+35
j  java.awt.Component.processMouseEvent(Ljava/awt/event/MouseEvent;)V+64
j  javax.swing.JComponent.processMouseEvent(Ljava/awt/event/MouseEvent;)V+23
j  java.awt.Component.processEvent(Ljava/awt/AWTEvent;)V+81
j  java.awt.Container.processEvent(Ljava/awt/AWTEvent;)V+18
j  java.awt.Component.dispatchEventImpl(Ljava/awt/AWTEvent;)V+570
J  java.awt.Container.dispatchEventImpl(Ljava/awt/AWTEvent;)V
J  java.awt.LightweightDispatcher.retargetMouseEvent(Ljava/awt/Component;ILjava/awt/event/MouseEvent;)V
J  java.awt.Container.dispatchEventImpl(Ljava/awt/AWTEvent;)V
j  java.awt.Window.dispatchEventImpl(Ljava/awt/AWTEvent;)V+65
J  java.awt.EventQueue$1.run()Ljava/lang/Object;
v  ~StubRoutines::call_stub
J  java.security.AccessController.doPrivileged(Ljava/security/PrivilegedAction;Ljava/security/AccessControlContext;)Ljava/lang/Object;
J  java.awt.EventQueue$2.run()Ljava/lang/Object;
v  ~StubRoutines::call_stub
J  java.security.AccessController.doPrivileged(Ljava/security/PrivilegedAction;Ljava/security/AccessControlContext;)Ljava/lang/Object;
J  java.awt.EventDispatchThread.pumpOneEventForFilters(I)Z
J  java.awt.EventDispatchThread.pumpEventsForFilter(ILjava/awt/Conditional;Ljava/awt/EventFilter;)V
j  java.awt.EventDispatchThread.pumpEventsForFilter(Ljava/awt/Conditional;Ljava/awt/EventFilter;)V+4
j  java.awt.Dialog$1.run()V+23
j  java.awt.Dialog$3.run()Ljava/lang/Object;+4
v  ~StubRoutines::call_stub
J  java.security.AccessController.doPrivileged(Ljava/security/PrivilegedAction;)Ljava/lang/Object;
j  java.awt.Dialog.show()V+223
j  java.awt.Component.show(Z)V+5
j  java.awt.Component.setVisible(Z)V+2
j  java.awt.Window.setVisible(Z)V+2
j  java.awt.Dialog.setVisible(Z)V+2
j  org.micromanager.conf2.DevicesPage.addDevice()Z+280
j  org.micromanager.conf2.DevicesPage.access$100(Lorg/micromanager/conf2/DevicesPage;)Z+1
j  org.micromanager.conf2.DevicesPage$2.actionPerformed(Ljava/awt/event/ActionEvent;)V+4
j  javax.swing.AbstractButton.fireActionPerformed(Ljava/awt/event/ActionEvent;)V+84
j  javax.swing.AbstractButton$Handler.actionPerformed(Ljava/awt/event/ActionEvent;)V+5
j  javax.swing.DefaultButtonModel.fireActionPerformed(Ljava/awt/event/ActionEvent;)V+35
j  javax.swing.DefaultButtonModel.setPressed(Z)V+117
j  javax.swing.plaf.basic.BasicButtonListener.mouseReleased(Ljava/awt/event/MouseEvent;)V+35
j  java.awt.Component.processMouseEvent(Ljava/awt/event/MouseEvent;)V+64
j  javax.swing.JComponent.processMouseEvent(Ljava/awt/event/MouseEvent;)V+23
j  java.awt.Component.processEvent(Ljava/awt/AWTEvent;)V+81
j  java.awt.Container.processEvent(Ljava/awt/AWTEvent;)V+18
j  java.awt.Component.dispatchEventImpl(Ljava/awt/AWTEvent;)V+570
J  java.awt.Container.dispatchEventImpl(Ljava/awt/AWTEvent;)V
J  java.awt.LightweightDispatcher.retargetMouseEvent(Ljava/awt/Component;ILjava/awt/event/MouseEvent;)V
J  java.awt.Container.dispatchEventImpl(Ljava/awt/AWTEvent;)V
j  java.awt.Window.dispatchEventImpl(Ljava/awt/AWTEvent;)V+65
J  java.awt.EventQueue$1.run()Ljava/lang/Object;
v  ~StubRoutines::call_stub
J  java.security.AccessController.doPrivileged(Ljava/security/PrivilegedAction;Ljava/security/AccessControlContext;)Ljava/lang/Object;
J  java.awt.EventQueue$2.run()Ljava/lang/Object;
v  ~StubRoutines::call_stub
J  java.security.AccessController.doPrivileged(Ljava/security/PrivilegedAction;Ljava/security/AccessControlContext;)Ljava/lang/Object;
J  java.awt.EventDispatchThread.pumpOneEventForFilters(I)Z
J  java.awt.EventDispatchThread.pumpEventsForFilter(ILjava/awt/Conditional;Ljava/awt/EventFilter;)V
j  java.awt.EventDispatchThread.pumpEventsForFilter(Ljava/awt/Conditional;Ljava/awt/EventFilter;)V+4
j  java.awt.Dialog$1.run()V+23
j  java.awt.Dialog$3.run()Ljava/lang/Object;+4
v  ~StubRoutines::call_stub
J  java.security.AccessController.doPrivileged(Ljava/security/PrivilegedAction;)Ljava/lang/Object;
j  java.awt.Dialog.show()V+223
j  java.awt.Component.show(Z)V+5
j  java.awt.Component.setVisible(Z)V+2
j  java.awt.Window.setVisible(Z)V+2
j  java.awt.Dialog.setVisible(Z)V+2
j  org.micromanager.menus.ToolsMenu.runHardwareWizard(Ljava/util/prefs/Preferences;)V+163
j  org.micromanager.menus.ToolsMenu.access$300(Lorg/micromanager/menus/ToolsMenu;Ljava/util/prefs/Preferences;)V+2
j  org.micromanager.menus.ToolsMenu$10.run()V+8
j  org.micromanager.utils.GUIUtils$3.actionPerformed(Ljava/awt/event/ActionEvent;)V+4
j  javax.swing.AbstractButton.fireActionPerformed(Ljava/awt/event/ActionEvent;)V+84
j  javax.swing.AbstractButton$Handler.actionPerformed(Ljava/awt/event/ActionEvent;)V+5
j  javax.swing.DefaultButtonModel.fireActionPerformed(Ljava/awt/event/ActionEvent;)V+35
j  javax.swing.DefaultButtonModel.setPressed(Z)V+117
j  javax.swing.AbstractButton.doClick(I)V+64
j  javax.swing.plaf.basic.BasicMenuItemUI.doClick(Ljavax/swing/MenuSelectionManager;)V+53
j  javax.swing.plaf.basic.BasicMenuItemUI$Handler.mouseReleased(Ljava/awt/event/MouseEvent;)V+62
j  java.awt.AWTEventMulticaster.mouseReleased(Ljava/awt/event/MouseEvent;)V+8
j  java.awt.Component.processMouseEvent(Ljava/awt/event/MouseEvent;)V+64
j  javax.swing.JComponent.processMouseEvent(Ljava/awt/event/MouseEvent;)V+23
j  java.awt.Component.processEvent(Ljava/awt/AWTEvent;)V+81
j  java.awt.Container.processEvent(Ljava/awt/AWTEvent;)V+18
j  java.awt.Component.dispatchEventImpl(Ljava/awt/AWTEvent;)V+570
J  java.awt.Container.dispatchEventImpl(Ljava/awt/AWTEvent;)V
J  java.awt.LightweightDispatcher.retargetMouseEvent(Ljava/awt/Component;ILjava/awt/event/MouseEvent;)V
J  java.awt.Container.dispatchEventImpl(Ljava/awt/AWTEvent;)V
j  java.awt.Window.dispatchEventImpl(Ljava/awt/AWTEvent;)V+65
J  java.awt.EventQueue$1.run()Ljava/lang/Object;
v  ~StubRoutines::call_stub
J  java.security.AccessController.doPrivileged(Ljava/security/PrivilegedAction;Ljava/security/AccessControlContext;)Ljava/lang/Object;
J  java.security.AccessControlContext$1.doIntersectionPrivilege(Ljava/security/PrivilegedAction;Ljava/security/AccessControlContext;Ljava/security/AccessControlContext;)Ljava/lang/Object;
j  java.security.AccessControlContext$1.doIntersectionPrivilege(Ljava/security/PrivilegedAction;Ljava/security/AccessControlContext;)Ljava/lang/Object;+6
j  java.awt.EventQueue$2.run()Ljava/lang/Void;+11
j  java.awt.EventQueue$2.run()Ljava/lang/Object;+1
v  ~StubRoutines::call_stub
J  java.security.AccessController.doPrivileged(Ljava/security/PrivilegedAction;Ljava/security/AccessControlContext;)Ljava/lang/Object;
J  java.awt.EventDispatchThread.pumpOneEventForFilters(I)Z
J  java.awt.EventDispatchThread.pumpEventsForFilter(ILjava/awt/Conditional;Ljava/awt/EventFilter;)V
j  java.awt.EventDispatchThread.pumpEventsForHierarchy(ILjava/awt/Conditional;Ljava/awt/Component;)V+11
j  java.awt.EventDispatchThread.pumpEvents(ILjava/awt/Conditional;)V+4
j  java.awt.EventDispatchThread.pumpEvents(Ljava/awt/Conditional;)V+3
j  java.awt.EventDispatchThread.run()V+9
v  ~StubRoutines::call_stub

---------------  P R O C E S S  ---------------

Java Threads: ( => current thread )
  0x0000000018c4e000 JavaThread "Swing-Shell" daemon [_thread_blocked, id=8604, stack(0x000000002f8b0000,0x000000002f9b0000)]
  0x0000000012197000 JavaThread "BeanShell interpreter" [_thread_blocked, id=8636, stack(0x0000000014330000,0x0000000014430000)]
  0x0000000012199000 JavaThread "Thread-4" [_thread_blocked, id=6196, stack(0x0000000014230000,0x0000000014330000)]
  0x0000000012196000 JavaThread "D3D Screen Updater" daemon [_thread_blocked, id=6060, stack(0x0000000013b20000,0x0000000013c20000)]
  0x0000000011c3a800 JavaThread "TimerQueue" daemon [_thread_blocked, id=8384, stack(0x0000000013820000,0x0000000013920000)]
  0x00000000008ac000 JavaThread "DestroyJavaVM" [_thread_blocked, id=2500, stack(0x0000000002460000,0x0000000002560000)]
=>0x0000000008df5800 JavaThread "AWT-EventQueue-0" [_thread_in_native, id=5372, stack(0x0000000010750000,0x0000000010850000)]
  0x000000000815b000 JavaThread "AWT-Windows" daemon [_thread_in_native, id=1436, stack(0x0000000009680000,0x0000000009780000)]
  0x0000000008d60800 JavaThread "AWT-Shutdown" [_thread_blocked, id=5932, stack(0x0000000009580000,0x0000000009680000)]
  0x0000000008236000 JavaThread "Java2D Disposer" daemon [_thread_blocked, id=7772, stack(0x0000000009480000,0x0000000009580000)]
  0x0000000008206000 JavaThread "GC Daemon" daemon [_thread_blocked, id=1756, stack(0x00000000092d0000,0x00000000093d0000)]
  0x0000000008211000 JavaThread "RMI Reaper" [_thread_blocked, id=4652, stack(0x00000000091d0000,0x00000000092d0000)]
  0x00000000081d0800 JavaThread "RMI TCP Accept-0" daemon [_thread_in_native, id=1936, stack(0x00000000090d0000,0x00000000091d0000)]
  0x000000000265d000 JavaThread "Low Memory Detector" daemon [_thread_blocked, id=5736, stack(0x00000000086f0000,0x00000000087f0000)]
  0x000000000811a800 JavaThread "C2 CompilerThread1" daemon [_thread_blocked, id=8356, stack(0x00000000085f0000,0x00000000086f0000)]
  0x0000000002658800 JavaThread "C2 CompilerThread0" daemon [_thread_blocked, id=8080, stack(0x00000000084f0000,0x00000000085f0000)]
  0x0000000008111800 JavaThread "Attach Listener" daemon [_thread_blocked, id=8724, stack(0x00000000083f0000,0x00000000084f0000)]
  0x0000000008111000 JavaThread "Signal Dispatcher" daemon [_thread_blocked, id=8472, stack(0x00000000082f0000,0x00000000083f0000)]
  0x000000000263c800 JavaThread "Finalizer" daemon [_thread_blocked, id=8736, stack(0x0000000007ff0000,0x00000000080f0000)]
  0x000000000263b800 JavaThread "Reference Handler" daemon [_thread_blocked, id=4696, stack(0x0000000007ef0000,0x0000000007ff0000)]

Other Threads:
  0x0000000002632800 VMThread [stack: 0x0000000007df0000,0x0000000007ef0000] [id=9184]
  0x000000000812d000 WatcherThread [stack: 0x00000000087f0000,0x00000000088f0000] [id=5148]

VM state:not at safepoint (normal execution)

VM Mutex/Monitor currently owned by a thread: None

Heap
 PSYoungGen      total 597312K, used 167095K [0x00000007d6560000, 0x0000000800000000, 0x0000000800000000)
  eden space 512000K, 32% used [0x00000007d6560000,0x00000007e088dc20,0x00000007f5960000)
  from space 85312K, 0% used [0x00000007f5960000,0x00000007f5960000,0x00000007facb0000)
  to   space 85312K, 0% used [0x00000007facb0000,0x00000007facb0000,0x0000000800000000)
 PSOldGen        total 1365376K, used 22282K [0x0000000783000000, 0x00000007d6560000, 0x00000007d6560000)
  object space 1365376K, 1% used [0x0000000783000000,0x00000007845c28b0,0x00000007d6560000)
 PSPermGen       total 83968K, used 54256K [0x000000077de00000, 0x0000000783000000, 0x0000000783000000)
  object space 83968K, 64% used [0x000000077de00000,0x00000007812fc110,0x0000000783000000)

Code Cache  [0x0000000002660000, 0x00000000029c0000, 0x0000000005660000)
 total_blobs=1621 nmethods=969 adapters=603 free_code_cache=46923776 largest_free_block=9600

Dynamic libraries:
0x0000000000400000 - 0x000000000042f000 	C:\Program Files\Micro-Manager-1.4\jre\bin\javaw.exe
0x00007ffea9970000 - 0x00007ffea9b4b000 	C:\Windows\SYSTEM32\ntdll.dll
0x00007ffe821a0000 - 0x00007ffe821d3000 	C:\Program Files\AVAST Software\Avast\x64\aswhooka.dll
0x00007ffea9160000 - 0x00007ffea920e000 	C:\Windows\System32\KERNEL32.DLL
0x00007ffea63a0000 - 0x00007ffea65e9000 	C:\Windows\System32\KERNELBASE.dll
0x00007ffea8ce0000 - 0x00007ffea8d81000 	C:\Windows\System32\ADVAPI32.dll
0x00007ffea9620000 - 0x00007ffea96bd000 	C:\Windows\System32\msvcrt.dll
0x00007ffea95c0000 - 0x00007ffea9619000 	C:\Windows\System32\sechost.dll
0x00007ffea9030000 - 0x00007ffea9155000 	C:\Windows\System32\RPCRT4.dll
0x00007ffea9820000 - 0x00007ffea996a000 	C:\Windows\System32\USER32.dll
0x00007ffea65f0000 - 0x00007ffea660e000 	C:\Windows\System32\win32u.dll
0x00007ffea9590000 - 0x00007ffea95b7000 	C:\Windows\System32\GDI32.dll
0x00007ffea6210000 - 0x00007ffea6398000 	C:\Windows\System32\gdi32full.dll
0x00007ffea6d80000 - 0x00007ffea6e1a000 	C:\Windows\System32\msvcp_win.dll
0x00007ffea5e90000 - 0x00007ffea5f86000 	C:\Windows\System32\ucrtbase.dll
0x00007ffea8da0000 - 0x00007ffea8dcd000 	C:\Windows\System32\IMM32.DLL
0x000000006d800000 - 0x000000006dfb8000 	C:\Program Files\Micro-Manager-1.4\jre\bin\server\jvm.dll
0x00007ffea4270000 - 0x00007ffea4293000 	C:\Windows\SYSTEM32\WINMM.dll
0x00007ffea4210000 - 0x00007ffea423b000 	C:\Windows\SYSTEM32\WINMMBASE.dll
0x00007ffea5f90000 - 0x00007ffea5fd9000 	C:\Windows\System32\cfgmgr32.dll
0x000000006d770000 - 0x000000006d77e000 	C:\Program Files\Micro-Manager-1.4\jre\bin\verify.dll
0x000000006d3b0000 - 0x000000006d3d7000 	C:\Program Files\Micro-Manager-1.4\jre\bin\java.dll
0x000000006d7c0000 - 0x000000006d7d2000 	C:\Program Files\Micro-Manager-1.4\jre\bin\zip.dll
0x000000006d000000 - 0x000000006d1c4000 	C:\Program Files\Micro-Manager-1.4\jre\bin\awt.dll
0x00007ffea96d0000 - 0x00007ffea9815000 	C:\Windows\System32\ole32.dll
0x00007ffea7310000 - 0x00007ffea7609000 	C:\Windows\System32\combase.dll
0x00007ffea6d10000 - 0x00007ffea6d7a000 	C:\Windows\System32\bcryptPrimitives.dll
0x00007ffea7610000 - 0x00007ffea8a47000 	C:\Windows\System32\SHELL32.dll
0x00007ffea9270000 - 0x00007ffea931a000 	C:\Windows\System32\shcore.dll
0x00007ffea6610000 - 0x00007ffea6d02000 	C:\Windows\System32\windows.storage.dll
0x00007ffea9210000 - 0x00007ffea9261000 	C:\Windows\System32\shlwapi.dll
0x00007ffea5e70000 - 0x00007ffea5e81000 	C:\Windows\System32\kernel.appcore.dll
0x00007ffea5e20000 - 0x00007ffea5e6c000 	C:\Windows\System32\powrprof.dll
0x00007ffea5e00000 - 0x00007ffea5e15000 	C:\Windows\System32\profapi.dll
0x00007ffe9deb0000 - 0x00007ffe9df3a000 	C:\Windows\SYSTEM32\WINSPOOL.DRV
0x00007ffe9b140000 - 0x00007ffe9b3a7000 	C:\Windows\WinSxS\amd64_microsoft.windows.common-controls_6595b64144ccf1df_6.0.15063.483_none_26002d27e7c744a2\COMCTL32.dll
0x00007ffea59a0000 - 0x00007ffea59c5000 	C:\Windows\SYSTEM32\bcrypt.dll
0x00007ffea43b0000 - 0x00007ffea442e000 	C:\Windows\SYSTEM32\apphelp.dll
0x00007ffea5890000 - 0x00007ffea58a7000 	C:\Windows\SYSTEM32\CRYPTSP.dll
0x00007ffea52b0000 - 0x00007ffea52e4000 	C:\Windows\system32\rsaenh.dll
0x00007ffea5d10000 - 0x00007ffea5d39000 	C:\Windows\SYSTEM32\USERENV.dll
0x00007ffea58b0000 - 0x00007ffea58bb000 	C:\Windows\SYSTEM32\CRYPTBASE.dll
0x000000006d610000 - 0x000000006d627000 	C:\Program Files\Micro-Manager-1.4\jre\bin\net.dll
0x00007ffea8e50000 - 0x00007ffea8ebc000 	C:\Windows\System32\WS2_32.dll
0x00007ffea56f0000 - 0x00007ffea574c000 	C:\Windows\system32\mswsock.dll
0x00007ffe98350000 - 0x00007ffe98366000 	C:\Windows\system32\napinsp.dll
0x00007ffe889d0000 - 0x00007ffe889ea000 	C:\Windows\system32\pnrpnsp.dll
0x00007ffea3cd0000 - 0x00007ffea3ce8000 	C:\Windows\system32\NLAapi.dll
0x00007ffea54e0000 - 0x00007ffea5584000 	C:\Windows\SYSTEM32\DNSAPI.dll
0x00007ffea8c70000 - 0x00007ffea8c78000 	C:\Windows\System32\NSI.dll
0x00007ffea5490000 - 0x00007ffea54c7000 	C:\Windows\SYSTEM32\IPHLPAPI.DLL
0x00007ffe889c0000 - 0x00007ffe889ce000 	C:\Windows\System32\winrnr.dll
0x00007ffe99080000 - 0x00007ffe99095000 	C:\Windows\System32\wshbth.dll
0x00007ffe95e20000 - 0x00007ffe95e2a000 	C:\Windows\System32\rasadhlp.dll
0x00007ffe9a070000 - 0x00007ffe9a0db000 	C:\Windows\System32\fwpuclnt.dll
0x00007ffea40c0000 - 0x00007ffea40ea000 	C:\Windows\system32\DWMAPI.DLL
0x00007ffea4540000 - 0x00007ffea45d5000 	C:\Windows\system32\uxtheme.dll
0x000000006d2a0000 - 0x000000006d307000 	C:\Program Files\Micro-Manager-1.4\jre\bin\fontmanager.dll
0x00007ffea8ec0000 - 0x00007ffea9026000 	C:\Windows\System32\MSCTF.dll
0x00007ffea94d0000 - 0x00007ffea9590000 	C:\Windows\System32\OLEAUT32.dll
0x00007ffe70980000 - 0x00007ffe70b09000 	C:\Windows\system32\d3d9.dll
0x00007ffea0870000 - 0x00007ffea0951000 	C:\Windows\System32\DriverStore\FileRepository\nv_dispi.inf_amd64_2386fda73b467ac8\nvldumdx.dll
0x00007ffea0ab0000 - 0x00007ffea0aba000 	C:\Windows\SYSTEM32\VERSION.dll
0x00007ffea6040000 - 0x00007ffea6209000 	C:\Windows\System32\crypt32.dll
0x00007ffea5de0000 - 0x00007ffea5df1000 	C:\Windows\System32\MSASN1.dll
0x00007ffea5fe0000 - 0x00007ffea6036000 	C:\Windows\System32\WINTRUST.DLL
0x00007ffea8bf0000 - 0x00007ffea8c0d000 	C:\Windows\System32\imagehlp.dll
0x00007ffe6f5e0000 - 0x00007ffe70747000 	C:\Windows\System32\DriverStore\FileRepository\nv_dispi.inf_amd64_2386fda73b467ac8\nvd3dumx.dll
0x00007ffe9e1b0000 - 0x00007ffe9e29a000 	C:\Program Files (x86)\NVIDIA Corporation\3D Vision\nvSCPAPI64.dll
0x00007ffea6ed0000 - 0x00007ffea730b000 	C:\Windows\System32\SETUPAPI.dll
0x00007ffea96c0000 - 0x00007ffea96c8000 	C:\Windows\System32\PSAPI.DLL
0x000000006d630000 - 0x000000006d63b000 	C:\Program Files\Micro-Manager-1.4\jre\bin\nio.dll
0x00007ffea9430000 - 0x00007ffea94ce000 	C:\Windows\System32\clbcatq.dll
0x00007ffe91590000 - 0x00007ffe915d7000 	C:\Windows\system32\dataexchange.dll
0x00007ffea2e40000 - 0x00007ffea311f000 	C:\Windows\system32\d3d11.dll
0x00007ffea38a0000 - 0x00007ffea39c2000 	C:\Windows\system32\dcomp.dll
0x00007ffea4c50000 - 0x00007ffea4cf4000 	C:\Windows\system32\dxgi.dll
0x00007ffea4820000 - 0x00007ffea4990000 	C:\Windows\system32\twinapi.appcore.dll
0x00007ffe81be0000 - 0x00007ffe81cf3000 	C:\Program Files\Micro-Manager-1.4\MMCoreJ_wrap.dll
0x000000006c400000 - 0x000000006c498000 	C:\Windows\SYSTEM32\MSVCP100.dll
0x000000006c320000 - 0x000000006c3f2000 	C:\Windows\SYSTEM32\MSVCR100.dll
0x000000006d550000 - 0x000000006d55a000 	C:\Program Files\Micro-Manager-1.4\jre\bin\management.dll
0x00007ffe9f9d0000 - 0x00007ffe9fa52000 	C:\Windows\System32\TextInputFramework.dll
0x00007ffea0c70000 - 0x00007ffea0f42000 	C:\Windows\System32\CoreUIComponents.dll
0x00007ffea3120000 - 0x00007ffea3203000 	C:\Windows\System32\CoreMessaging.dll
0x00007ffea50e0000 - 0x00007ffea5111000 	C:\Windows\SYSTEM32\ntmarta.dll
0x00007ffea1fc0000 - 0x00007ffea20f9000 	C:\Windows\SYSTEM32\wintypes.dll
0x00007ffea32d0000 - 0x00007ffea32e5000 	C:\Windows\SYSTEM32\usermgrcli.dll
0x00007ffe87800000 - 0x00007ffe8782c000 	C:\Program Files\Micro-Manager-1.4\mmgr_dal_HamamatsuHam.dll
0x000000006b000000 - 0x000000006b12f000 	C:\Windows\SYSTEM32\dcamapi.dll
0x000000006acd0000 - 0x000000006ad3f000 	C:\Windows\SYSTEM32\phxlx64.dll
0x000000006ab40000 - 0x000000006acc3000 	C:\Windows\SYSTEM32\phxfb12x64.dll
0x00007ffe97a40000 - 0x00007ffe97a57000 	C:\Program Files\Micro-Manager-1.4\mmgr_dal_AAAOTF.dll
0x00007ffe863c0000 - 0x00007ffe863fe000 	C:\Program Files\Micro-Manager-1.4\mmgr_dal_ABSCamera.dll
0x00007ffe979f0000 - 0x00007ffe97a0c000 	C:\Program Files\Micro-Manager-1.4\mmgr_dal_AgilentLaserCombiner.dll
0x00007ffe950d0000 - 0x00007ffe950e7000 	C:\Program Files\Micro-Manager-1.4\mmgr_dal_Aladdin.dll
0x00007ffe82fd0000 - 0x00007ffe8300b000 	C:\Program Files\Micro-Manager-1.4\mmgr_dal_Andor.dll
0x00007ffe6f0e0000 - 0x00007ffe6f5d9000 	C:\Program Files\Micro-Manager-1.4\atmcd64d.dll
0x000000006ab20000 - 0x000000006ab35000 	C:\Program Files\Micro-Manager-1.4\libusb0.dll
0x00007ffe82d30000 - 0x00007ffe82d55000 	C:\Program Files\Micro-Manager-1.4\mmgr_dal_AndorLaserCombiner.dll
0x00007ffe91bb0000 - 0x00007ffe91bc8000 	C:\Program Files\Micro-Manager-1.4\mmgr_dal_AOTF.dll
0x0000000180000000 - 0x000000018001e000 	C:\Windows\SYSTEM32\inpoutx64.dll
0x00007ffe895e0000 - 0x00007ffe895f6000 	C:\Program Files\Micro-Manager-1.4\mmgr_dal_Aquinas.dll
0x00007ffe82d00000 - 0x00007ffe82d24000 	C:\Program Files\Micro-Manager-1.4\mmgr_dal_Arduino.dll
0x00007ffe88860000 - 0x00007ffe8887c000 	C:\Program Files\Micro-Manager-1.4\mmgr_dal_ArduinoNeoPixel.dll
0x00007ffe82830000 - 0x00007ffe8284d000 	C:\Program Files\Micro-Manager-1.4\mmgr_dal_ASIFW1000.dll
0x00007ffe827e0000 - 0x00007ffe82827000 	C:\Program Files\Micro-Manager-1.4\mmgr_dal_ASIStage.dll
0x00007ffe7a4f0000 - 0x00007ffe7a5bc000 	C:\Program Files\Micro-Manager-1.4\mmgr_dal_ASITiger.dll
0x00007ffe821e0000 - 0x00007ffe821f5000 	C:\Program Files\Micro-Manager-1.4\mmgr_dal_ASIwptr.dll
0x00007ffe82170000 - 0x00007ffe82195000 	C:\Program Files\Micro-Manager-1.4\mmgr_dal_AxioCam.dll
0x00007ffe82140000 - 0x00007ffe8216c000 	C:\Program Files\Micro-Manager-1.4\mmgr_dal_BaumerOptronic.dll
0x00007ffe789f0000 - 0x00007ffe78c32000 	C:\Program Files\Micro-Manager-1.4\FxLib.dll
0x00007ffe81bb0000 - 0x00007ffe81bd7000 	C:\Program Files\Micro-Manager-1.4\SysInfo.dll
0x00007ffe8f880000 - 0x00007ffe8f889000 	C:\Windows\SYSTEM32\WSOCK32.dll
0x00007ffea47f0000 - 0x00007ffea4818000 	C:\Windows\SYSTEM32\DEVOBJ.dll
0x00007ffe7a4c0000 - 0x00007ffe7a4e8000 	C:\Program Files\Micro-Manager-1.4\mmgr_dal_CARVII.dll
0x00007ffe81b90000 - 0x00007ffe81ba9000 	C:\Program Files\Micro-Manager-1.4\mmgr_dal_Cobolt.dll
0x00007ffe81b10000 - 0x00007ffe81b2a000 	C:\Program Files\Micro-Manager-1.4\mmgr_dal_CoherentCube.dll
0x00007ffe7a410000 - 0x00007ffe7a428000 	C:\Program Files\Micro-Manager-1.4\mmgr_dal_CoherentOBIS.dll
0x00007ffe7a3e0000 - 0x00007ffe7a405000 	C:\Program Files\Micro-Manager-1.4\mmgr_dal_Conix.dll
0x00007ffe789d0000 - 0x00007ffe789ed000 	C:\Program Files\Micro-Manager-1.4\mmgr_dal_Corvus.dll
0x00007ffe789a0000 - 0x00007ffe789cd000 	C:\Program Files\Micro-Manager-1.4\mmgr_dal_CSUW1.dll
0x00007ffe78960000 - 0x00007ffe78996000 	C:\Program Files\Micro-Manager-1.4\mmgr_dal_CSUX.dll
0x00007ffe78880000 - 0x00007ffe78959000 	C:\Program Files\Micro-Manager-1.4\mmgr_dal_DECamera.dll
0x00007ffe78830000 - 0x00007ffe78875000 	C:\Program Files\Micro-Manager-1.4\mmgr_dal_DemoCamera.dll
0x00007ffe787f0000 - 0x00007ffe78829000 	C:\Program Files\Micro-Manager-1.4\mmgr_dal_Diskovery.dll
0x00007ffe75000000 - 0x00007ffe75028000 	C:\Program Files\Micro-Manager-1.4\mmgr_dal_ESIOImagingControllers.dll
0x00007ffe74fc0000 - 0x00007ffe74ff5000 	C:\Program Files\Micro-Manager-1.4\mmgr_dal_FLICamera.dll

VM Arguments:
jvm_args: -XX:SoftRefLRUPolicyMSPerMB=1000000000000 -Xmx2000m -XX:MaxDirectMemorySize=1000g 
java_command: ij.ImageJ -ijpath C:\PROGRA~1\MICRO-~1.4\
Launcher Type: SUN_STANDARD

Environment Variables:
CLASSPATH=.;C:\Program Files (x86)\QuickTime\QTSystem\QTJava.zip
PATH=C:\Program Files\Broadcom\Broadcom 802.11 Network Adapter;;C:\Program Files (x86)\Intel\iCLS Client\;C:\Program Files\Intel\iCLS Client\;C:\Windows\system32;C:\Windows;C:\Windows\System32\Wbem;C:\Windows\System32\WindowsPowerShell\v1.0\;C:\Program Files (x86)\QuickTime\QTSystem\;C:\Program Files (x86)\Intel\Intel(R) Management Engine Components\DAL;C:\Program Files\Intel\Intel(R) Management Engine Components\DAL;C:\Program Files (x86)\Intel\Intel(R) Management Engine Components\IPT;C:\Program Files\Intel\Intel(R) Management Engine Components\IPT;C:\Program Files (x86)\NVIDIA Corporation\PhysX\Common;C:\Users\Owner\AppData\Local\Microsoft\WindowsApps;
USERNAME=Owner
OS=Windows_NT
PROCESSOR_IDENTIFIER=Intel64 Family 6 Model 79 Stepping 1, GenuineIntel



---------------  S Y S T E M  ---------------

OS: Windows NT 6.2 Build 9200 

CPU:total 20 (10 cores per cpu, 2 threads per core) family 6 model 79 stepping 1, cmov, cx8, fxsr, mmx, sse, sse2, sse3, ssse3, sse4.1, sse4.2, popcnt, ht

Memory: 4k page, physical 134123676k(127192616k free), swap 154046620k(145150308k free)

vm_info: Java HotSpot(TM) 64-Bit Server VM (20.6-b01) for windows-amd64 JRE (1.6.0_31-b05), built on Feb  3 2012 18:34:57 by "java_re" with MS VC++ 8.0 (VS2005)

time: Thu Jul 27 15:13:23 2017
elapsed time: 5792 seconds

